<?xml version="1.0" encoding="UTF-8"?>
<!-- Generated by org.testng.reporters.JUnitReportReporter -->
<testsuite hostname="DESKTOP-KBM2E74" failures="0" tests="2" name="ResendFlow.ResendApplbyjrClerk" time="0.000" errors="0" timestamp="2025-03-13T18:26:40 IST" skipped="2">
  <testcase classname="ResendFlow.ResendApplbyjrClerk" name="testLogin" time="0.000">
    <skipped/>
  </testcase> <!-- testLogin -->
  <testcase classname="ResendFlow.ResendApplbyjrClerk" name="Applicationlist" time="0.000">
    <skipped/>
  </testcase> <!-- Applicationlist -->
</testsuite> <!-- ResendFlow.ResendApplbyjrClerk -->
