<?xml version="1.0" encoding="UTF-8"?>
<!-- Generated by org.testng.reporters.JUnitReportReporter -->
<testsuite hostname="DESKTOP-KBM2E74" failures="0" tests="2" name="Login.ApprovaljrClerk" time="31.327" errors="0" timestamp="2025-03-06T12:47:45 IST" skipped="0">
  <testcase classname="Login.ApprovaljrClerk" name="testLogin" time="10.313"/>
  <testcase classname="Login.ApprovaljrClerk" name="Applicationlist" time="21.014"/>
</testsuite> <!-- Login.ApprovaljrClerk -->
