<?xml version="1.0" encoding="UTF-8"?>
<!-- Generated by org.testng.reporters.JUnitReportReporter -->
<testsuite hostname="Nitin-Ghorpade" failures="0" tests="4" name="Login.ApplicantForm" time="54.286" errors="0" timestamp="2025-04-03T18:15:23 IST" skipped="0">
  <testcase classname="Login.ApplicantForm" name="testLogin" time="7.384"/>
  <testcase classname="Login.ApplicantForm" name="testfillapplication" time="15.783"/>
  <testcase classname="Login.ApplicantForm" name="tribalapplicatin" time="18.690"/>
  <testcase classname="Login.ApplicantForm" name="Uploaddocument" time="12.429"/>
</testsuite> <!-- Login.ApplicantForm -->
