<?xml version="1.0" encoding="UTF-8"?>
<!-- Generated by org.testng.reporters.JUnitReportReporter -->
<testsuite hostname="DESKTOP-KBM2E74" failures="0" tests="2" name="Login.ApprovalSRClerkTenancy15" time="28.379" errors="0" timestamp="2025-03-06T12:47:45 IST" skipped="0">
  <testcase classname="Login.ApprovalSRClerkTenancy15" name="testLogin" time="8.363"/>
  <testcase classname="Login.ApprovalSRClerkTenancy15" name="Applicationlist" time="20.016"/>
</testsuite> <!-- Login.ApprovalSRClerkTenancy15 -->
