<?xml version="1.0" encoding="UTF-8"?>
<!-- Generated by org.testng.reporters.JUnitReportReporter -->
<testsuite hostname="DESKTOP-KBM2E74" failures="0" tests="1" name="Login.SignUp" time="19.823" errors="0" timestamp="2025-03-06T12:47:45 IST" skipped="0">
  <testcase classname="Login.SignUp" name="testSignupFormIndividual" time="19.823"/>
</testsuite> <!-- Login.SignUp -->
