<?xml version="1.0" encoding="UTF-8"?>
<!-- Generated by org.testng.reporters.JUnitReportReporter -->
<testsuite hostname="DESKTOP-KBM2E74" failures="0" tests="2" name="Login.ApprovalJRClerkTaluka5" time="53.541" errors="0" timestamp="2025-02-27T16:50:08 IST" skipped="0">
  <testcase classname="Login.ApprovalJRClerkTaluka5" name="testLogin" time="9.403"/>
  <system-out/>
  <testcase classname="Login.ApprovalJRClerkTaluka5" name="Applicationlist" time="44.138"/>
  <system-out/>
</testsuite> <!-- Login.ApprovalJRClerkTaluka5 -->
