<?xml version="1.0" encoding="UTF-8"?>
<!-- Generated by org.testng.reporters.JUnitReportReporter -->
<testsuite hostname="DESKTOP-KBM2E74" failures="0" tests="1" name="Login.OTPsignup" time="0.006" errors="0" timestamp="2025-02-07T12:47:41 IST" skipped="0">
  <testcase classname="Login.OTPsignup" name="testSignupFormIndividual" time="0.006"/>
  <system-out/>
</testsuite> <!-- Login.OTPsignup -->
