<?xml version="1.0" encoding="UTF-8"?>
<!-- Generated by org.testng.reporters.JUnitReportReporter -->
<testsuite hostname="DESKTOP-KBM2E74" failures="0" tests="2" name="Login.ApprovalAddCollector18" time="28.960" errors="0" timestamp="2025-03-05T18:57:40 IST" skipped="0">
  <testcase classname="Login.ApprovalAddCollector18" name="testLogin" time="9.303"/>
  <testcase classname="Login.ApprovalAddCollector18" name="Applicationlist" time="19.657"/>
</testsuite> <!-- Login.ApprovalAddCollector18 -->
