<?xml version="1.0" encoding="UTF-8"?>
<!-- Generated by org.testng.reporters.JUnitReportReporter -->
<testsuite hostname="DESKTOP-KBM2E74" failures="0" tests="1" name="Login.SignUp" time="20.848" errors="0" timestamp="2025-02-27T16:50:08 IST" skipped="0">
  <testcase classname="Login.SignUp" name="testSignupFormIndividual" time="20.848"/>
  <system-out/>
</testsuite> <!-- Login.SignUp -->
