<?xml version="1.0" encoding="UTF-8"?>
<!-- Generated by org.testng.reporters.JUnitReportReporter -->
<testsuite hostname="DESKTOP-KBM2E74" failures="0" tests="1" name="ResendFlow.SignUp" time="19.816" errors="0" timestamp="2025-03-13T16:44:28 IST" skipped="0">
  <testcase classname="ResendFlow.SignUp" name="testSignupFormIndividual" time="19.816"/>
</testsuite> <!-- ResendFlow.SignUp -->
