<?xml version="1.0" encoding="UTF-8"?>
<!-- Generated by org.testng.reporters.JUnitReportReporter -->
<testsuite hostname="DESKTOP-KBM2E74" failures="0" tests="2" name="Login.ApprovalJRClerk9" time="32.418" errors="0" timestamp="2025-03-13T18:50:04 IST" skipped="0">
  <testcase classname="Login.ApprovalJRClerk9" name="testLogin" time="9.250"/>
  <testcase classname="Login.ApprovalJRClerk9" name="Applicationlist" time="23.168"/>
</testsuite> <!-- Login.ApprovalJRClerk9 -->
