<?xml version="1.0" encoding="UTF-8"?>
<!-- Generated by org.testng.reporters.JUnitReportReporter -->
<testsuite hostname="DESKTOP-KBM2E74" failures="0" tests="4" name="ResendFlow.ApplicantForm" time="52.996" errors="0" timestamp="2025-03-13T16:45:36 IST" skipped="0">
  <testcase classname="ResendFlow.ApplicantForm" name="testLogin" time="7.393"/>
  <testcase classname="ResendFlow.ApplicantForm" name="testfillapplication" time="15.684"/>
  <testcase classname="ResendFlow.ApplicantForm" name="tribalapplicatin" time="18.756"/>
  <testcase classname="ResendFlow.ApplicantForm" name="Uploaddocument" time="11.163"/>
</testsuite> <!-- ResendFlow.ApplicantForm -->
