<?xml version="1.0" encoding="UTF-8"?>
<!-- Generated by org.testng.reporters.JUnitReportReporter -->
<testsuite hostname="DESKTOP-KBM2E74" failures="0" tests="2" name="Login.ApprovalTenancyTahsil8" time="29.167" errors="0" timestamp="2025-03-06T12:47:45 IST" skipped="0">
  <testcase classname="Login.ApprovalTenancyTahsil8" name="testLogin" time="8.368"/>
  <testcase classname="Login.ApprovalTenancyTahsil8" name="Applicationlist" time="20.799"/>
</testsuite> <!-- Login.ApprovalTenancyTahsil8 -->
