<?xml version="1.0" encoding="UTF-8"?>
<!-- Generated by org.testng.reporters.JUnitReportReporter -->
<testsuite hostname="DESKTOP-KBM2E74" failures="0" tests="3" name="Login.ApplicantForm2" time="63.269" errors="0" timestamp="2025-02-07T18:07:00 IST" skipped="0">
  <testcase classname="Login.ApplicantForm2" name="testfillapplication" time="21.767"/>
  <system-out/>
  <testcase classname="Login.ApplicantForm2" name="tribalapplicatin" time="31.033"/>
  <system-out/>
  <testcase classname="Login.ApplicantForm2" name="testLogin" time="10.469"/>
  <system-out/>
</testsuite> <!-- Login.ApplicantForm2 -->
