<?xml version="1.0" encoding="UTF-8"?>
<!-- Generated by org.testng.reporters.JUnitReportReporter -->
<testsuite hostname="DESKTOP-KBM2E74" failures="0" tests="2" name="Login.Approvaltalukatahsildar7" time="29.687" errors="0" timestamp="2025-03-13T18:50:04 IST" skipped="0">
  <testcase classname="Login.Approvaltalukatahsildar7" name="testLogin" time="8.391"/>
  <testcase classname="Login.Approvaltalukatahsildar7" name="Applicationlist" time="21.296"/>
</testsuite> <!-- Login.Approvaltalukatahsildar7 -->
