<?xml version="1.0" encoding="UTF-8"?>
<!-- Generated by org.testng.reporters.JUnitReportReporter -->
<testsuite hostname="DESKTOP-KBM2E74" failures="0" tests="2" name="Login.ApprovalTenancyTahsil8" time="29.821" errors="0" timestamp="2025-03-13T18:50:04 IST" skipped="0">
  <testcase classname="Login.ApprovalTenancyTahsil8" name="testLogin" time="8.360"/>
  <testcase classname="Login.ApprovalTenancyTahsil8" name="Applicationlist" time="21.461"/>
</testsuite> <!-- Login.ApprovalTenancyTahsil8 -->
