<?xml version="1.0" encoding="UTF-8"?>
<!-- Generated by org.testng.reporters.JUnitReportReporter -->
<testsuite hostname="DESKTOP-KBM2E74" failures="0" tests="2" name="Login.ApprovalAddCollector18" time="24.780" errors="0" timestamp="2025-02-27T15:34:15 IST" skipped="0">
  <testcase classname="Login.ApprovalAddCollector18" name="testLogin" time="9.245"/>
  <system-out/>
  <testcase classname="Login.ApprovalAddCollector18" name="Applicationlist" time="15.535"/>
  <system-out/>
</testsuite> <!-- Login.ApprovalAddCollector18 -->
