<?xml version="1.0" encoding="UTF-8"?>
<!-- Generated by org.testng.reporters.JUnitReportReporter -->
<testsuite hostname="DESKTOP-KBM2E74" failures="0" tests="2" name="Login.ApprovalSRClerkTenency10" time="25.197" errors="0" timestamp="2025-02-27T16:50:08 IST" skipped="0">
  <testcase classname="Login.ApprovalSRClerkTenency10" name="testLogin" time="8.439"/>
  <system-out/>
  <testcase classname="Login.ApprovalSRClerkTenency10" name="Applicationlist" time="16.758"/>
  <system-out/>
</testsuite> <!-- Login.ApprovalSRClerkTenency10 -->
