<?xml version="1.0" encoding="UTF-8"?>
<!-- Generated by org.testng.reporters.JUnitReportReporter -->
<testsuite hostname="DESKTOP-KBM2E74" failures="0" tests="2" name="Login.ApprovalRDC17" time="27.890" errors="0" timestamp="2025-03-06T12:47:45 IST" skipped="0">
  <testcase classname="Login.ApprovalRDC17" name="testLogin" time="11.367"/>
  <testcase classname="Login.ApprovalRDC17" name="Applicationlist" time="16.523"/>
</testsuite> <!-- Login.ApprovalRDC17 -->
