<?xml version="1.0" encoding="UTF-8"?>
<!-- Generated by org.testng.reporters.JUnitReportReporter -->
<testsuite hostname="Nitin-Ghorpade" failures="0" tests="1" name="Login.SignUp" time="19.961" errors="0" timestamp="2025-04-03T17:58:33 IST" skipped="0">
  <testcase classname="Login.SignUp" name="testSignupFormIndividual" time="19.961"/>
</testsuite> <!-- Login.SignUp -->
