<?xml version="1.0" encoding="UTF-8"?>
<!-- Generated by org.testng.reporters.JUnitReportReporter -->
<testsuite hostname="DESKTOP-KBM2E74" failures="0" tests="2" name="Login.ApprovalJRClerk9" time="26.566" errors="0" timestamp="2025-02-27T16:50:08 IST" skipped="0">
  <testcase classname="Login.ApprovalJRClerk9" name="testLogin" time="8.456"/>
  <system-out/>
  <testcase classname="Login.ApprovalJRClerk9" name="Applicationlist" time="18.110"/>
  <system-out/>
</testsuite> <!-- Login.ApprovalJRClerk9 -->
