<?xml version="1.0" encoding="UTF-8"?>
<!-- Generated by org.testng.reporters.JUnitReportReporter -->
<testsuite hostname="DESKTOP-KBM2E74" failures="0" tests="2" name="Login.ApprovalSRClerkTenency10" time="28.369" errors="0" timestamp="2025-03-06T12:47:45 IST" skipped="0">
  <testcase classname="Login.ApprovalSRClerkTenency10" name="testLogin" time="8.413"/>
  <testcase classname="Login.ApprovalSRClerkTenency10" name="Applicationlist" time="19.956"/>
</testsuite> <!-- Login.ApprovalSRClerkTenency10 -->
