<?xml version="1.0" encoding="UTF-8"?>
<!-- Generated by org.testng.reporters.JUnitReportReporter -->
<testsuite hostname="DESKTOP-KBM2E74" failures="0" tests="2" name="Login.ApprovaljrClerk" time="30.605" errors="0" timestamp="2025-03-13T18:50:04 IST" skipped="0">
  <testcase classname="Login.ApprovaljrClerk" name="testLogin" time="9.385"/>
  <testcase classname="Login.ApprovaljrClerk" name="Applicationlist" time="21.220"/>
</testsuite> <!-- Login.ApprovaljrClerk -->
