<?xml version="1.0" encoding="UTF-8"?>
<!-- Generated by org.testng.reporters.JUnitReportReporter -->
<testsuite hostname="DESKTOP-KBM2E74" failures="0" tests="2" name="Login.ApprovalJRClerk9" time="31.803" errors="0" timestamp="2025-03-06T12:47:45 IST" skipped="0">
  <testcase classname="Login.ApprovalJRClerk9" name="testLogin" time="9.225"/>
  <testcase classname="Login.ApprovalJRClerk9" name="Applicationlist" time="22.578"/>
</testsuite> <!-- Login.ApprovalJRClerk9 -->
