<?xml version="1.0" encoding="UTF-8"?>
<!-- Generated by org.testng.reporters.JUnitReportReporter -->
<testsuite hostname="Nitin-Ghorpade" failures="0" tests="2" name="Dashboard.AddvehicleShiripad4" time="20.429" errors="0" timestamp="2025-05-09T11:06:11 IST" skipped="0">
  <testcase classname="Dashboard.AddvehicleShiripad4" name="testLogin" time="8.436"/>
  <testcase classname="Dashboard.AddvehicleShiripad4" name="addVehicleFromExcel" time="11.993"/>
</testsuite> <!-- Dashboard.AddvehicleShiripad4 -->
