<?xml version="1.0" encoding="UTF-8"?>
<!-- Generated by org.testng.reporters.JUnitReportReporter -->
<testsuite hostname="Nitin-Ghorpade" failures="0" tests="2" name="Dashboard.APITest" time="15.640" errors="0" timestamp="2025-05-09T12:32:50 IST" skipped="0">
  <testcase classname="Dashboard.APITest" name="enableDevTools" time="0.039"/>
  <testcase classname="Dashboard.APITest" name="openAppAndLogin" time="15.601"/>
</testsuite> <!-- Dashboard.APITest -->
