<?xml version="1.0" encoding="UTF-8"?>
<!-- Generated by org.testng.reporters.JUnitReportReporter -->
<testsuite hostname="DESKTOP-KBM2E74" failures="0" tests="1" name="Login.SignUp2" time="4.448" errors="0" timestamp="2025-03-21T15:52:26 IST" skipped="0">
  <testcase classname="Login.SignUp2" name="testSignupFormIndividual" time="4.448"/>
</testsuite> <!-- Login.SignUp2 -->
