<?xml version="1.0" encoding="UTF-8"?>
<!-- Generated by org.testng.reporters.JUnitReportReporter -->
<testsuite hostname="DESKTOP-KBM2E74" failures="0" tests="4" name="Login.ApplicantForm" time="53.918" errors="0" timestamp="2025-02-27T16:50:08 IST" skipped="0">
  <testcase classname="Login.ApplicantForm" name="testLogin" time="8.261"/>
  <system-out/>
  <testcase classname="Login.ApplicantForm" name="testfillapplication" time="15.746"/>
  <system-out/>
  <testcase classname="Login.ApplicantForm" name="tribalapplicatin" time="18.768"/>
  <system-out/>
  <testcase classname="Login.ApplicantForm" name="Uploaddocument" time="11.143"/>
  <system-out/>
</testsuite> <!-- Login.ApplicantForm -->
