<?xml version="1.0" encoding="UTF-8"?>
<!-- Generated by org.testng.reporters.JUnitReportReporter -->
<testsuite hostname="DESKTOP-KBM2E74" failures="0" tests="2" name="Login.ApprovalTenencyTahsil11" time="31.482" errors="0" timestamp="2025-03-06T12:47:45 IST" skipped="0">
  <testcase classname="Login.ApprovalTenencyTahsil11" name="testLogin" time="9.416"/>
  <testcase classname="Login.ApprovalTenencyTahsil11" name="Applicationlist" time="22.066"/>
</testsuite> <!-- Login.ApprovalTenencyTahsil11 -->
