<?xml version="1.0" encoding="UTF-8"?>
<!-- Generated by org.testng.reporters.JUnitReportReporter -->
<testsuite hostname="DESKTOP-KBM2E74" failures="0" tests="2" name="Login.ApprovalSRClerkTenency10" time="28.925" errors="0" timestamp="2025-03-13T18:50:04 IST" skipped="0">
  <testcase classname="Login.ApprovalSRClerkTenency10" name="testLogin" time="8.373"/>
  <testcase classname="Login.ApprovalSRClerkTenency10" name="Applicationlist" time="20.552"/>
</testsuite> <!-- Login.ApprovalSRClerkTenency10 -->
