<?xml version="1.0" encoding="UTF-8"?>
<!-- Generated by org.testng.reporters.JUnitReportReporter -->
<testsuite hostname="DESKTOP-KBM2E74" failures="0" tests="4" name="Login.ApplicantForm" time="56.604" errors="0" timestamp="2025-02-10T19:04:44 IST" skipped="0">
  <testcase classname="Login.ApplicantForm" name="testLogin" time="7.433"/>
  <system-out/>
  <testcase classname="Login.ApplicantForm" name="testfillapplication" time="20.794"/>
  <system-out/>
  <testcase classname="Login.ApplicantForm" name="tribalapplicatin" time="19.024"/>
  <system-out/>
  <testcase classname="Login.ApplicantForm" name="Uploaddocument" time="9.353"/>
  <system-out/>
</testsuite> <!-- Login.ApplicantForm -->
