<?xml version="1.0" encoding="UTF-8"?>
<!-- Generated by org.testng.reporters.JUnitReportReporter -->
<testsuite hostname="DESKTOP-KBM2E74" failures="0" tests="2" name="Login.Approvaltalukatahsildar7" time="24.942" errors="0" timestamp="2025-02-27T16:50:08 IST" skipped="0">
  <testcase classname="Login.Approvaltalukatahsildar7" name="testLogin" time="8.414"/>
  <system-out/>
  <testcase classname="Login.Approvaltalukatahsildar7" name="Applicationlist" time="16.528"/>
  <system-out/>
</testsuite> <!-- Login.Approvaltalukatahsildar7 -->
