<?xml version="1.0" encoding="UTF-8"?>
<!-- Generated by org.testng.reporters.JUnitReportReporter -->
<testsuite hostname="DESKTOP-KBM2E74" failures="0" tests="4" name="Login.ApplicantForm" time="53.889" errors="0" timestamp="2025-03-06T12:47:45 IST" skipped="0">
  <testcase classname="Login.ApplicantForm" name="testLogin" time="8.325"/>
  <testcase classname="Login.ApplicantForm" name="testfillapplication" time="15.730"/>
  <testcase classname="Login.ApplicantForm" name="tribalapplicatin" time="18.756"/>
  <testcase classname="Login.ApplicantForm" name="Uploaddocument" time="11.078"/>
</testsuite> <!-- Login.ApplicantForm -->
