<?xml version="1.0" encoding="UTF-8"?>
<!-- Generated by org.testng.reporters.JUnitReportReporter -->
<testsuite hostname="Nitin-Ghorpade" failures="0" tests="2" name="Dashboard.AddvehicleShiripad2" time="120.313" errors="0" timestamp="2025-05-06T15:11:23 IST" skipped="0">
  <testcase classname="Dashboard.AddvehicleShiripad2" name="testLogin" time="8.580"/>
  <testcase classname="Dashboard.AddvehicleShiripad2" name="addVehicleFromExcel" time="111.733"/>
</testsuite> <!-- Dashboard.AddvehicleShiripad2 -->
