<?xml version="1.0" encoding="UTF-8"?>
<!-- Generated by org.testng.reporters.JUnitReportReporter -->
<testsuite hostname="DESKTOP-KBM2E74" failures="0" tests="1" name="Login.SignUp" time="19.806" errors="0" timestamp="2025-03-13T18:50:04 IST" skipped="0">
  <testcase classname="Login.SignUp" name="testSignupFormIndividual" time="19.806"/>
</testsuite> <!-- Login.SignUp -->
