<?xml version="1.0" encoding="UTF-8"?>
<!-- Generated by org.testng.reporters.JUnitReportReporter -->
<testsuite hostname="DESKTOP-KBM2E74" failures="0" tests="2" name="Login.ApprovalJRClerk14" time="35.147" errors="0" timestamp="2025-03-06T12:47:45 IST" skipped="0">
  <testcase classname="Login.ApprovalJRClerk14" name="testLogin" time="11.044"/>
  <testcase classname="Login.ApprovalJRClerk14" name="Applicationlist" time="24.103"/>
</testsuite> <!-- Login.ApprovalJRClerk14 -->
