<?xml version="1.0" encoding="UTF-8"?>
<!-- Generated by org.testng.reporters.JUnitReportReporter -->
<testsuite hostname="DESKTOP-KBM2E74" failures="0" tests="2" name="Login.ApprovalJRClerkTaluka5" time="58.535" errors="0" timestamp="2025-03-13T18:50:04 IST" skipped="0">
  <testcase classname="Login.ApprovalJRClerkTaluka5" name="testLogin" time="10.484"/>
  <testcase classname="Login.ApprovalJRClerkTaluka5" name="Applicationlist" time="48.051"/>
</testsuite> <!-- Login.ApprovalJRClerkTaluka5 -->
