<?xml version="1.0" encoding="UTF-8"?>
<!-- Generated by org.testng.reporters.JUnitReportReporter -->
<testsuite hostname="DESKTOP-KBM2E74" failures="0" tests="2" name="Login.ApprovalTenancyTahsil16" time="30.317" errors="0" timestamp="2025-03-06T12:47:45 IST" skipped="0">
  <testcase classname="Login.ApprovalTenancyTahsil16" name="testLogin" time="11.407"/>
  <testcase classname="Login.ApprovalTenancyTahsil16" name="Applicationlist" time="18.910"/>
</testsuite> <!-- Login.ApprovalTenancyTahsil16 -->
