<?xml version="1.0" encoding="UTF-8"?>
<!-- Generated by org.testng.reporters.JUnitReportReporter -->
<testsuite hostname="DESKTOP-KBM2E74" failures="0" tests="2" name="Login.ApprovalAdditionalCollctr13" time="29.061" errors="0" timestamp="2025-03-06T12:47:45 IST" skipped="0">
  <testcase classname="Login.ApprovalAdditionalCollctr13" name="testLogin" time="9.304"/>
  <testcase classname="Login.ApprovalAdditionalCollctr13" name="Applicationlist" time="19.757"/>
</testsuite> <!-- Login.ApprovalAdditionalCollctr13 -->
